2024-02-14 11:42:02,659 [INFO] Activator:179 - 


2024-02-14 11:42:02,660 [INFO] Activator:180 - !SESSION log4j initialized
2024-02-14 11:42:27,431 [ERROR] LogOutputStream:74 - [STDERR_REDIRECT] SLF4J: Failed to load class "org.slf4j.impl.StaticLoggerBinder".
2024-02-14 11:42:27,432 [ERROR] LogOutputStream:74 - [STDERR_REDIRECT] SLF4J: Defaulting to no-operation (NOP) logger implementation
2024-02-14 11:42:27,433 [ERROR] LogOutputStream:74 - [STDERR_REDIRECT] SLF4J: See http://www.slf4j.org/codes.html#StaticLoggerBinder for further details.
2024-02-14 11:42:32,206 [INFO] Activator:179 - 


2024-02-14 11:42:32,207 [INFO] Activator:180 - !SESSION log4j initialized
2024-02-14 11:42:55,591 [ERROR] LogOutputStream:74 - [STDERR_REDIRECT] SLF4J: Failed to load class "org.slf4j.impl.StaticLoggerBinder".
2024-02-14 11:42:55,593 [ERROR] LogOutputStream:74 - [STDERR_REDIRECT] SLF4J: Defaulting to no-operation (NOP) logger implementation
2024-02-14 11:42:55,594 [ERROR] LogOutputStream:74 - [STDERR_REDIRECT] SLF4J: See http://www.slf4j.org/codes.html#StaticLoggerBinder for further details.
2024-02-14 11:46:20,037 [INFO] McuFinderGlobals:52 - Set McuFinder mode to 2 (CubeIDE integrated)
2024-02-14 11:46:23,759 [INFO] ApplicationProperties:181 - Using Application install path: D:\phan_mem\STM32\STM32CubeIDE_1.11.0\STM32CubeIDE\plugins\com.st.stm32cube.common.mx_6.7.0.202211181646
2024-02-14 11:46:23,783 [INFO] DbMcusXml:77 - Set database path to: D:\phan_mem\STM32\STM32CubeIDE_1.11.0\STM32CubeIDE\plugins\com.st.stm32cube.common.mx_6.7.0.202211181646\\db\/mcu/
2024-02-14 11:46:23,784 [INFO] ApiDb:273 - Set plugin database path to: D:\phan_mem\STM32\STM32CubeIDE_1.11.0\STM32CubeIDE\plugins\com.st.stm32cube.common.mx_6.7.0.202211181646\\db\/plugins/boardmanager/
2024-02-14 11:46:23,787 [WARN] ApiDb:258 - Overriding images path with different value:  => D:\phan_mem\STM32\STM32CubeIDE_1.11.0\STM32CubeIDE\plugins\com.st.stm32cube.common.mx_6.7.0.202211181646\\db\/plugins/mcufinder/images/
2024-02-14 11:46:23,800 [INFO] ApiDb:249 - Set database path to: C:\Users\DELL\.stmcufinder\plugins\mcufinder//mcu/
2024-02-14 11:46:23,801 [INFO] DbMcusAds:124 - Set database path to: C:\Users\DELL\.stmcufinder\plugins\mcufinder//mcu/
2024-02-14 11:46:23,826 [INFO] CrossReferenceDbSqlite:202 - Set database path to: C:\Users\DELL\.stmcufinder\plugins\mcufinder//mcu/cs/
2024-02-14 11:46:23,925 [INFO] RulesReader:61 - Compatibility file has been processed (283 Rules)
2024-02-14 11:46:24,005 [INFO] DbMcusXml:77 - Set database path to: D:\phan_mem\STM32\STM32CubeIDE_1.11.0\STM32CubeIDE\plugins\com.st.stm32cube.common.mx_6.7.0.202211181646\\db\/mcu/
2024-02-14 11:46:24,005 [INFO] ApiDb:273 - Set plugin database path to: D:\phan_mem\STM32\STM32CubeIDE_1.11.0\STM32CubeIDE\plugins\com.st.stm32cube.common.mx_6.7.0.202211181646\\db\/plugins/boardmanager/
2024-02-14 11:46:24,005 [INFO] ApiDb:260 - Set plugin images path to: D:\phan_mem\STM32\STM32CubeIDE_1.11.0\STM32CubeIDE\plugins\com.st.stm32cube.common.mx_6.7.0.202211181646\\db\/plugins/mcufinder/images/
2024-02-14 11:46:24,006 [WARN] DbFile:40 - Overriding database path with different value: C:\Users\DELL\.stmcufinder\plugins\mcufinder/ => C:\Users\DELL\.stmcufinder\plugins\mcufinder
2024-02-14 11:46:24,006 [INFO] ApiDb:249 - Set database path to: C:\Users\DELL\.stmcufinder\plugins\mcufinder//mcu/
2024-02-14 11:46:24,006 [WARN] DbFile:40 - Overriding database path with different value: C:\Users\DELL\.stmcufinder\plugins\mcufinder/ => C:\Users\DELL\.stmcufinder\plugins\mcufinder
2024-02-14 11:46:24,006 [INFO] DbMcusAds:124 - Set database path to: C:\Users\DELL\.stmcufinder\plugins\mcufinder//mcu/
2024-02-14 11:46:24,007 [WARN] DbFile:40 - Overriding database path with different value: C:\Users\DELL\.stmcufinder\plugins\mcufinder/ => C:\Users\DELL\.stmcufinder\plugins\mcufinder
2024-02-14 11:46:24,007 [WARN] DbFile:40 - Overriding database path with different value: C:\Users\DELL\.stmcufinder\plugins\mcufinder/ => C:\Users\DELL\.stmcufinder\plugins\mcufinder
2024-02-14 11:46:24,007 [INFO] CrossReferenceDbSqlite:202 - Set database path to: C:\Users\DELL\.stmcufinder\plugins\mcufinder//mcu/cs/
2024-02-14 11:46:24,079 [INFO] MainPanel:252 - HeapMemory: 532676608
2024-02-14 11:46:24,172 [INFO] DbMcusXml:77 - Set database path to: D:\phan_mem\STM32\STM32CubeIDE_1.11.0\STM32CubeIDE\plugins\com.st.stm32cube.common.mx_6.7.0.202211181646\\db\/mcu/
2024-02-14 11:46:24,172 [INFO] ApiDb:273 - Set plugin database path to: D:\phan_mem\STM32\STM32CubeIDE_1.11.0\STM32CubeIDE\plugins\com.st.stm32cube.common.mx_6.7.0.202211181646\\db\/plugins/boardmanager/
2024-02-14 11:46:24,172 [INFO] ApiDb:260 - Set plugin images path to: D:\phan_mem\STM32\STM32CubeIDE_1.11.0\STM32CubeIDE\plugins\com.st.stm32cube.common.mx_6.7.0.202211181646\\db\/plugins/mcufinder/images/
2024-02-14 11:46:24,173 [WARN] DbFile:40 - Overriding database path with different value: C:\Users\DELL\.stmcufinder\plugins\mcufinder/ => C:\Users\DELL\.stmcufinder\plugins\mcufinder
2024-02-14 11:46:24,173 [INFO] ApiDb:249 - Set database path to: C:\Users\DELL\.stmcufinder\plugins\mcufinder//mcu/
2024-02-14 11:46:24,173 [WARN] DbFile:40 - Overriding database path with different value: C:\Users\DELL\.stmcufinder\plugins\mcufinder/ => C:\Users\DELL\.stmcufinder\plugins\mcufinder
2024-02-14 11:46:24,173 [INFO] DbMcusAds:124 - Set database path to: C:\Users\DELL\.stmcufinder\plugins\mcufinder//mcu/
2024-02-14 11:46:24,173 [WARN] DbFile:40 - Overriding database path with different value: C:\Users\DELL\.stmcufinder\plugins\mcufinder/ => C:\Users\DELL\.stmcufinder\plugins\mcufinder
2024-02-14 11:46:24,173 [WARN] DbFile:40 - Overriding database path with different value: C:\Users\DELL\.stmcufinder\plugins\mcufinder/ => C:\Users\DELL\.stmcufinder\plugins\mcufinder
2024-02-14 11:46:24,174 [INFO] CrossReferenceDbSqlite:202 - Set database path to: C:\Users\DELL\.stmcufinder\plugins\mcufinder//mcu/cs/
2024-02-14 11:46:24,191 [INFO] ApplicationProperties:181 - Using Application install path: D:\phan_mem\STM32\STM32CubeIDE_1.11.0\STM32CubeIDE\plugins\com.st.stm32cube.common.mx_6.7.0.202211181646
2024-02-14 11:46:24,192 [INFO] PluginManage:193 - Search for loadable plugins [exclusion list=, ]
2024-02-14 11:46:24,193 [INFO] PluginManage:307 - Check plugin analytics
2024-02-14 11:46:24,311 [INFO] AnalyticsPlugin:262 - Accepted Software Licenses: 
2024-02-14 11:46:24,312 [INFO] AnalyticsPlugin:264 - Accepted CMSIS Pack Licenses: 
2024-02-14 11:46:24,312 [INFO] AnalyticsPlugin:266 - Accepted Firmware Licenses: FW.F4.1.27.0
2024-02-14 11:46:24,321 [INFO] PluginManage:356 - Loaded plugin analytics (category:tool,tabindex:-1)
2024-02-14 11:46:24,321 [INFO] PluginManage:307 - Check plugin cadmodel
2024-02-14 11:46:24,341 [INFO] CADModel:104 - Init CAD model plugin
2024-02-14 11:46:24,341 [INFO] PluginManage:356 - Loaded plugin cadmodel (category:power,tabindex:5)
2024-02-14 11:46:24,341 [INFO] PluginManage:307 - Check plugin clock
2024-02-14 11:46:24,359 [INFO] PluginManage:356 - Loaded plugin clock (category:base,tabindex:2)
2024-02-14 11:46:24,359 [INFO] PluginManage:307 - Check plugin ddr
2024-02-14 11:46:24,361 [INFO] PluginManage:356 - Loaded plugin ddr (category:tool,tabindex:6)
2024-02-14 11:46:24,361 [INFO] PluginManage:307 - Check plugin filemanager
2024-02-14 11:46:24,470 [INFO] PluginManage:356 - Loaded plugin filemanager (category:base,tabindex:10)
2024-02-14 11:46:24,471 [INFO] PluginManage:307 - Check plugin ipmanager
2024-02-14 11:46:24,479 [INFO] PluginManage:356 - Loaded plugin ipmanager (category:base,tabindex:5)
2024-02-14 11:46:24,479 [INFO] PluginManage:307 - Check plugin lpbam
2024-02-14 11:46:24,509 [INFO] PluginManage:356 - Loaded plugin lpbam (category:base,tabindex:0)
2024-02-14 11:46:24,510 [INFO] PluginManage:307 - Check plugin pinoutandconfiguration
2024-02-14 11:46:24,524 [INFO] PluginManage:356 - Loaded plugin pinoutandconfiguration (category:base,tabindex:1)
2024-02-14 11:46:24,525 [INFO] PluginManage:307 - Check plugin pinoutconfig
2024-02-14 11:46:24,554 [INFO] PluginManage:356 - Loaded plugin pinoutconfig (category:base,tabindex:0)
2024-02-14 11:46:24,555 [INFO] PluginManage:307 - Check plugin power
2024-02-14 11:46:24,583 [INFO] PluginManage:356 - Loaded plugin power (category:power,tabindex:4)
2024-02-14 11:46:24,583 [INFO] PluginManage:307 - Check plugin projectmanager
2024-02-14 11:46:24,596 [INFO] PluginManage:356 - Loaded plugin projectmanager (category:projectmanager,tabindex:3)
2024-02-14 11:46:24,596 [INFO] PluginManage:307 - Check plugin thirdparty
2024-02-14 11:46:24,822 [INFO] PluginManage:356 - Loaded plugin thirdparty (category:base,tabindex:-1)
2024-02-14 11:46:24,822 [WARN] IntegrityCheckThread:82 - waiting for thirdparty lock release [integrity check]
2024-02-14 11:46:24,822 [INFO] PluginManage:307 - Check plugin tools
2024-02-14 11:46:24,823 [INFO] IntegrityCheckThread:84 - entering critical section [integrity check]
2024-02-14 11:46:24,824 [INFO] ThirdPartyUpdaterWithRetryManager:70 - Updater plugin not ready yet. [1/15]
2024-02-14 11:46:24,847 [INFO] PluginManage:356 - Loaded plugin tools (category:base,tabindex:7)
2024-02-14 11:46:24,847 [INFO] PluginManage:307 - Check plugin tutovideos
2024-02-14 11:46:25,054 [INFO] PluginManage:356 - Loaded plugin tutovideos (category:base,tabindex:-1)
2024-02-14 11:46:25,054 [INFO] PluginManage:307 - Check plugin updater
2024-02-14 11:46:25,070 [INFO] PluginManage:356 - Loaded plugin updater (category:base,tabindex:12)
2024-02-14 11:46:25,071 [INFO] PluginManage:280 - PluginManage : Loaded plugins [15]
2024-02-14 11:46:25,342 [INFO] PinOutPanel:1477 - setPackage(No Configuration,No Configuration)
2024-02-14 11:46:25,414 [INFO] CADModel:164 - CPN selected for project level
2024-02-14 11:46:25,414 [INFO] CADModel:113 - Register for checkConnection events
2024-02-14 11:46:25,437 [INFO] IPUIPlugin:79 - create IPUIPlugin
2024-02-14 11:46:25,438 [INFO] PluginManager:219 - loadIPPluginJar : add adc
2024-02-14 11:46:25,468 [INFO] IPUIPlugin:79 - create IPUIPlugin
2024-02-14 11:46:25,468 [INFO] PluginManager:219 - loadIPPluginJar : add aes
2024-02-14 11:46:25,501 [INFO] IPUIPlugin:79 - create IPUIPlugin
2024-02-14 11:46:25,502 [INFO] PluginManager:219 - loadIPPluginJar : add can
2024-02-14 11:46:25,522 [INFO] IPUIPlugin:79 - create IPUIPlugin
2024-02-14 11:46:25,523 [INFO] PluginManager:219 - loadIPPluginJar : add comp
2024-02-14 11:46:25,551 [INFO] IPUIPlugin:79 - create IPUIPlugin
2024-02-14 11:46:25,552 [INFO] PluginManager:219 - loadIPPluginJar : add cryp
2024-02-14 11:46:25,577 [INFO] IPUIPlugin:79 - create IPUIPlugin
2024-02-14 11:46:25,577 [INFO] PluginManager:219 - loadIPPluginJar : add dfsdm
2024-02-14 11:46:25,589 [INFO] IPUIPlugin:79 - create IPUIPlugin
2024-02-14 11:46:25,590 [INFO] PluginManager:219 - loadIPPluginJar : add dma
2024-02-14 11:46:25,623 [INFO] IPUIPlugin:79 - create IPUIPlugin
2024-02-14 11:46:25,624 [INFO] PluginManager:219 - loadIPPluginJar : add dma3
2024-02-14 11:46:25,641 [INFO] IPUIPlugin:79 - create IPUIPlugin
2024-02-14 11:46:25,641 [INFO] PluginManager:219 - loadIPPluginJar : add fatfs
2024-02-14 11:46:25,679 [INFO] IPUIPlugin:79 - create IPUIPlugin
2024-02-14 11:46:25,679 [INFO] PluginManager:219 - loadIPPluginJar : add fmc
2024-02-14 11:46:25,694 [INFO] IPUIPlugin:79 - create IPUIPlugin
2024-02-14 11:46:25,694 [INFO] PluginManager:219 - loadIPPluginJar : add freertos
2024-02-14 11:46:25,711 [INFO] IPUIPlugin:79 - create IPUIPlugin
2024-02-14 11:46:25,712 [INFO] PluginManager:219 - loadIPPluginJar : add genericplugin
2024-02-14 11:46:25,788 [INFO] IPUIPlugin:79 - create IPUIPlugin
2024-02-14 11:46:25,789 [INFO] PluginManager:219 - loadIPPluginJar : add gfxmmu
2024-02-14 11:46:25,892 [INFO] IPUIPlugin:79 - create IPUIPlugin
2024-02-14 11:46:25,892 [INFO] PluginManager:219 - loadIPPluginJar : add gic
2024-02-14 11:46:25,903 [INFO] IPUIPlugin:79 - create IPUIPlugin
2024-02-14 11:46:25,904 [INFO] PluginManager:219 - loadIPPluginJar : add gpio
2024-02-14 11:46:25,967 [INFO] IPUIPlugin:79 - create IPUIPlugin
2024-02-14 11:46:25,967 [INFO] PluginManager:219 - loadIPPluginJar : add gtzc
2024-02-14 11:46:25,992 [INFO] IPUIPlugin:79 - create IPUIPlugin
2024-02-14 11:46:25,992 [INFO] PluginManager:219 - loadIPPluginJar : add hash
2024-02-14 11:46:26,033 [INFO] IPUIPlugin:79 - create IPUIPlugin
2024-02-14 11:46:26,033 [INFO] PluginManager:219 - loadIPPluginJar : add i2c
2024-02-14 11:46:26,062 [INFO] IPUIPlugin:79 - create IPUIPlugin
2024-02-14 11:46:26,062 [INFO] PluginManager:219 - loadIPPluginJar : add i2s
2024-02-14 11:46:26,145 [INFO] IPUIPlugin:79 - create IPUIPlugin
2024-02-14 11:46:26,145 [INFO] PluginManager:219 - loadIPPluginJar : add ipddr
2024-02-14 11:46:26,213 [INFO] IPUIPlugin:79 - create IPUIPlugin
2024-02-14 11:46:26,213 [INFO] PluginManager:219 - loadIPPluginJar : add linkedlist
2024-02-14 11:46:26,240 [INFO] IPUIPlugin:79 - create IPUIPlugin
2024-02-14 11:46:26,241 [INFO] PluginManager:219 - loadIPPluginJar : add lorawan
2024-02-14 11:46:26,271 [INFO] IPUIPlugin:79 - create IPUIPlugin
2024-02-14 11:46:26,272 [INFO] PluginManager:219 - loadIPPluginJar : add ltdc
2024-02-14 11:46:26,283 [INFO] IPUIPlugin:79 - create IPUIPlugin
2024-02-14 11:46:26,284 [INFO] PluginManager:219 - loadIPPluginJar : add mdma
2024-02-14 11:46:26,293 [INFO] IPUIPlugin:79 - create IPUIPlugin
2024-02-14 11:46:26,293 [INFO] PluginManager:219 - loadIPPluginJar : add nvic
2024-02-14 11:46:26,319 [INFO] IPUIPlugin:79 - create IPUIPlugin
2024-02-14 11:46:26,319 [INFO] PluginManager:219 - loadIPPluginJar : add opamp
2024-02-14 11:46:26,362 [INFO] IPUIPlugin:79 - create IPUIPlugin
2024-02-14 11:46:26,362 [INFO] PluginManager:219 - loadIPPluginJar : add openamp
2024-02-14 11:46:26,394 [INFO] IPUIPlugin:79 - create IPUIPlugin
2024-02-14 11:46:26,394 [INFO] PluginManager:219 - loadIPPluginJar : add pdm2pcm
2024-02-14 11:46:26,405 [INFO] IPUIPlugin:79 - create IPUIPlugin
2024-02-14 11:46:26,407 [INFO] PluginManager:219 - loadIPPluginJar : add plateformsettings
2024-02-14 11:46:26,423 [INFO] IPUIPlugin:79 - create IPUIPlugin
2024-02-14 11:46:26,423 [INFO] PluginManager:219 - loadIPPluginJar : add quadspi
2024-02-14 11:46:26,434 [INFO] IPUIPlugin:79 - create IPUIPlugin
2024-02-14 11:46:26,434 [INFO] PluginManager:219 - loadIPPluginJar : add resmgrutility
2024-02-14 11:46:26,469 [INFO] IPUIPlugin:79 - create IPUIPlugin
2024-02-14 11:46:26,470 [INFO] PluginManager:219 - loadIPPluginJar : add sai
2024-02-14 11:46:26,497 [INFO] IPUIPlugin:79 - create IPUIPlugin
2024-02-14 11:46:26,498 [INFO] PluginManager:219 - loadIPPluginJar : add spi
2024-02-14 11:46:26,535 [INFO] IPUIPlugin:79 - create IPUIPlugin
2024-02-14 11:46:26,535 [INFO] PluginManager:219 - loadIPPluginJar : add stm32_wpan
2024-02-14 11:46:26,552 [INFO] IPUIPlugin:79 - create IPUIPlugin
2024-02-14 11:46:26,552 [INFO] PluginManager:219 - loadIPPluginJar : add tim
2024-02-14 11:46:26,593 [INFO] IPUIPlugin:79 - create IPUIPlugin
2024-02-14 11:46:26,593 [INFO] PluginManager:219 - loadIPPluginJar : add touchsensing
2024-02-14 11:46:26,612 [INFO] IPUIPlugin:79 - create IPUIPlugin
2024-02-14 11:46:26,612 [INFO] PluginManager:219 - loadIPPluginJar : add tracer_emb
2024-02-14 11:46:26,629 [INFO] IPUIPlugin:79 - create IPUIPlugin
2024-02-14 11:46:26,629 [INFO] PluginManager:219 - loadIPPluginJar : add ts
2024-02-14 11:46:26,645 [INFO] IPUIPlugin:79 - create IPUIPlugin
2024-02-14 11:46:26,645 [INFO] PluginManager:219 - loadIPPluginJar : add tsc
2024-02-14 11:46:26,661 [INFO] IPUIPlugin:79 - create IPUIPlugin
2024-02-14 11:46:26,661 [INFO] PluginManager:219 - loadIPPluginJar : add ucpd
2024-02-14 11:46:26,694 [INFO] IPUIPlugin:79 - create IPUIPlugin
2024-02-14 11:46:26,695 [INFO] PluginManager:219 - loadIPPluginJar : add usart
2024-02-14 11:46:26,726 [INFO] IPUIPlugin:79 - create IPUIPlugin
2024-02-14 11:46:26,727 [INFO] PluginManager:219 - loadIPPluginJar : add usbx
2024-02-14 11:46:26,851 [INFO] CADModel:164 - CPN selected for project level
2024-02-14 11:46:26,851 [INFO] CADModel:113 - Register for checkConnection events
2024-02-14 11:46:26,851 [FATAL] Updater:308 - Updater called before beeing initialized
2024-02-14 11:46:26,852 [ERROR] CADModel:124 - Updater not yet initialized, retry later 
2024-02-14 11:46:26,969 [INFO] CADModel:164 - CPN selected for project level
2024-02-14 11:46:26,970 [INFO] CADModel:113 - Register for checkConnection events
2024-02-14 11:46:26,970 [FATAL] Updater:308 - Updater called before beeing initialized
2024-02-14 11:46:26,970 [ERROR] CADModel:124 - Updater not yet initialized, retry later 
2024-02-14 11:46:26,972 [FATAL] Updater:308 - Updater called before beeing initialized
2024-02-14 11:46:27,066 [FATAL] Updater:308 - Updater called before beeing initialized
2024-02-14 11:46:27,076 [INFO] DbMcusAds:52 - JSON generation date=Tue Mar 07 15:50:55 ICT 2023 (1678179055114)
2024-02-14 11:46:27,077 [FATAL] Updater:308 - Updater called before beeing initialized
2024-02-14 11:46:27,140 [WARN] DetailPanel:344 - Failed to get advertising image, set to default
2024-02-14 11:46:27,247 [FATAL] Updater:308 - Updater called before beeing initialized
2024-02-14 11:46:27,250 [FATAL] Updater:308 - Updater called before beeing initialized
2024-02-14 11:46:27,250 [FATAL] Updater:308 - Updater called before beeing initialized
2024-02-14 11:46:27,250 [WARN] DetailPanel:344 - Failed to get advertising image, set to default
2024-02-14 11:46:27,251 [FATAL] Updater:308 - Updater called before beeing initialized
2024-02-14 11:46:27,305 [ERROR] Updater:1120 - MainUpdater not yet initialized. External WinMGr cannot be set.
2024-02-14 11:46:27,315 [INFO] Updater:1056 - Updater Version found : 6.7.0
2024-02-14 11:46:27,340 [INFO] ApplicationProperties:181 - Using Application install path: D:\phan_mem\STM32\STM32CubeIDE_1.11.0\STM32CubeIDE\plugins\com.st.stm32cube.common.mx_6.7.0.202211181646
2024-02-14 11:46:27,564 [INFO] MainUpdater:2800 - connection check result : 10
2024-02-14 11:46:27,565 [INFO] MainUpdater:3494 - Updater definition file requires update
2024-02-14 11:46:27,566 [INFO] MainUpdater:282 - Updater Check For Update Now.
2024-02-14 11:46:27,566 [INFO] MicroXplorer:481 - Change Database Version : DB.6.0.70
2024-02-14 11:46:27,680 [INFO] ServerAccessManage:474 - Download File updaters.zip
2024-02-14 11:46:27,767 [INFO] FileExtend:239 - Unzip File : updaters.zip
2024-02-14 11:46:27,767 [INFO] FileExtend:254 - Standard Zip Deflate
2024-02-14 11:46:27,831 [WARN] MainUpdater:1186 - Updater busy. Cannot search thirdparties
2024-02-14 11:46:27,831 [INFO] ThirdPartyUpdaterWithRetryManager:96 - Updater plugin is busy. [1/15]
2024-02-14 11:46:28,472 [INFO] ServerAccessManage:474 - Download File PacksControlFlags.xml
2024-02-14 11:46:28,784 [INFO] ServerAccessManage:474 - Download File cubemx.pidx
2024-02-14 11:46:28,859 [INFO] LoadServerUpdatesThread:367 - End of LoadServerUpdate Thread
2024-02-14 11:46:29,016 [INFO] CheckServerUpdateThread:119 - End of CheckServer Thread
2024-02-14 11:46:29,028 [INFO] MainUpdater:2800 - connection check result : 10
2024-02-14 11:46:29,034 [INFO] MainUpdater:2800 - connection check result : 10
2024-02-14 11:46:29,205 [INFO] MicroXplorer:451 - Change Database Path : 
2024-02-14 11:46:29,205 [INFO] MicroXplorer:481 - Change Database Version : DB.6.0.70
2024-02-14 11:46:29,205 [WARN] ThirdParty:845 - waiting for thirdparty lock release [close project]
2024-02-14 11:46:31,006 [WARN] PackLoader:242 - Cannot read IP mode file for STMicroelectronics.X-CUBE-SMBUS.2.1.0
2024-02-14 11:46:31,020 [WARN] PackLoader:242 - Cannot read IP mode file for STMicroelectronics.X-CUBE-TOUCHGFX.4.23.0
2024-02-14 11:46:31,060 [WARN] PackLoader:242 - Cannot read IP mode file for STMicroelectronics.X-CUBE-AZRTOS-F7.1.1.0
2024-02-14 11:46:31,074 [WARN] PackLoader:242 - Cannot read IP mode file for STMicroelectronics.FP-SNS-MOTENV1.4.3.2
2024-02-14 11:46:31,086 [ERROR] RealEvaluatedCondition:430 - Found unsupported composite condition: GROUP='STM32_MetaDataManager' CLASS='Data Exchange'
2024-02-14 11:46:31,086 [ERROR] RealEvaluatedCondition:430 - Found unsupported composite condition: GROUP='STM32_MetaDataManager' CLASS='Data Exchange'
2024-02-14 11:46:31,093 [WARN] PackLoader:242 - Cannot read IP mode file for STMicroelectronics.FP-SNS-MOTENV1.4.3.1
2024-02-14 11:46:31,104 [WARN] PackLoader:242 - Cannot read IP mode file for STMicroelectronics.FP-SNS-FLIGHT1.5.0.1
2024-02-14 11:46:31,116 [WARN] PackLoader:242 - Cannot read IP mode file for STMicroelectronics.X-CUBE-BLE1.6.2.4
2024-02-14 11:46:31,125 [WARN] PackLoader:242 - Cannot read IP mode file for STMicroelectronics.FP-SNS-FLIGHT1.5.0.2
2024-02-14 11:46:31,139 [WARN] PackLoader:242 - Cannot read IP mode file for STMicroelectronics.X-CUBE-DISPLAY.3.0.0
2024-02-14 11:46:31,153 [WARN] PackLoader:242 - Cannot read IP mode file for STMicroelectronics.X-CUBE-BLE1.7.0.0
2024-02-14 11:46:31,161 [WARN] PackLoader:242 - Cannot read IP mode file for STMicroelectronics.X-CUBE-TOUCHGFX.4.22.0
2024-02-14 11:46:31,214 [WARN] PackLoader:242 - Cannot read IP mode file for STMicroelectronics.X-CUBE-MEMS1.9.3.0
2024-02-14 11:46:31,336 [WARN] PackLoader:242 - Cannot read IP mode file for STMicroelectronics.FP-SNS-SMARTAG2.1.2.0
2024-02-14 11:46:31,353 [INFO] LogOutputStream:76 - [STDOUT_REDIRECT] 1 : Invalid condition id : UX_CORESTACK_Condition cause : null
2024-02-14 11:46:31,353 [INFO] LogOutputStream:76 - [STDOUT_REDIRECT] 1 : Invalid condition id : UX_CORESTACK_Condition cause : null
2024-02-14 11:46:31,354 [INFO] LogOutputStream:76 - [STDOUT_REDIRECT] 1 : Invalid condition id : UX_CORESTACK_Condition cause : null
2024-02-14 11:46:31,355 [INFO] LogOutputStream:76 - [STDOUT_REDIRECT] 1 : Invalid condition id : UX_CORESTACK_Condition cause : null
2024-02-14 11:46:31,355 [INFO] LogOutputStream:76 - [STDOUT_REDIRECT] 1 : Invalid condition id : UX_CORESTACK_Condition cause : null
2024-02-14 11:46:31,358 [WARN] PackLoader:242 - Cannot read IP mode file for STMicroelectronics.X-CUBE-AZRTOS-WL.2.0.0
2024-02-14 11:46:31,373 [WARN] PackLoader:242 - Cannot read IP mode file for WES.I-CUBE-Cesium.1.3.0
2024-02-14 11:46:31,383 [WARN] PackLoader:242 - Cannot read IP mode file for STMicroelectronics.X-CUBE-BLE2.3.3.0
2024-02-14 11:46:31,395 [WARN] PackLoader:242 - Cannot read IP mode file for STMicroelectronics.X-CUBE-DISPLAY.2.2.0
2024-02-14 11:46:31,413 [WARN] PackLoader:242 - Cannot read IP mode file for STMicroelectronics.X-CUBE-TOF1.3.2.0
2024-02-14 11:46:31,443 [WARN] PackLoader:242 - Cannot read IP mode file for STMicroelectronics.X-CUBE-AZRTOS-H7.2.1.0
2024-02-14 11:46:31,456 [WARN] PackLoader:242 - Cannot read IP mode file for STMicroelectronics.X-CUBE-TOUCHGFX.4.21.1
2024-02-14 11:46:31,466 [WARN] PackLoader:242 - Cannot read IP mode file for STMicroelectronics.X-CUBE-TOUCHGFX.4.21.0
2024-02-14 11:46:31,504 [WARN] PackLoader:242 - Cannot read IP mode file for STMicroelectronics.X-CUBE-MEMS1.9.4.0
2024-02-14 11:46:31,592 [WARN] PackLoader:242 - Cannot read IP mode file for STMicroelectronics.X-CUBE-AI.7.3.0
2024-02-14 11:46:31,603 [WARN] PackLoader:242 - Cannot read IP mode file for STMicroelectronics.X-CUBE-ALGOBUILD.1.3.0
2024-02-14 11:46:31,630 [WARN] PackLoader:242 - Cannot read IP mode file for STMicroelectronics.X-CUBE-AZRTOS-G0.1.1.0
2024-02-14 11:46:31,644 [WARN] PackLoader:242 - Cannot read IP mode file for STMicroelectronics.X-CUBE-NFC4.3.0.0
2024-02-14 11:46:31,673 [WARN] PackLoader:242 - Cannot read IP mode file for SEGGER.I-CUBE-embOS.1.2.1
2024-02-14 11:46:31,708 [WARN] PackLoader:242 - Cannot read IP mode file for STMicroelectronics.X-CUBE-BLEMGR.3.0.0
2024-02-14 11:46:31,721 [WARN] PackLoader:242 - Cannot read IP mode file for STMicroelectronics.X-CUBE-BLEMGR.1.3.0
2024-02-14 11:46:31,731 [WARN] PackLoader:242 - Cannot read IP mode file for STMicroelectronics.FP-ATR-SIGFOX1.3.2.0
2024-02-14 11:46:31,741 [WARN] PackLoader:242 - Cannot read IP mode file for STMicroelectronics.X-CUBE-EEPRMA1.5.1.0
2024-02-14 11:46:31,751 [WARN] PackLoader:242 - Cannot read IP mode file for STMicroelectronics.X-CUBE-TOUCHGFX.4.20.0
2024-02-14 11:46:31,783 [WARN] PackLoader:242 - Cannot read IP mode file for STMicroelectronics.X-CUBE-MEMS1.9.5.0
2024-02-14 11:46:31,895 [WARN] PackLoader:242 - Cannot read IP mode file for SEGGER.I-CUBE-embOS.1.3.1
2024-02-14 11:46:31,927 [WARN] PackLoader:242 - Cannot read IP mode file for STMicroelectronics.X-CUBE-GNSS1.6.0.0
2024-02-14 11:46:31,967 [WARN] PackLoader:242 - Cannot read IP mode file for STMicroelectronics.X-CUBE-AZRTOS-F4.1.1.0
2024-02-14 11:46:31,989 [WARN] PackLoader:242 - Cannot read IP mode file for STMicroelectronics.X-CUBE-BLEMGR.1.2.0
2024-02-14 11:46:32,031 [WARN] PackLoader:242 - Cannot read IP mode file for STMicroelectronics.X-CUBE-AZRTOS-L5.2.0.0
2024-02-14 11:46:32,084 [WARN] PackLoader:242 - Cannot read IP mode file for STMicroelectronics.X-CUBE-MEMS1.9.6.0
2024-02-14 11:46:32,199 [WARN] PackLoader:242 - Cannot read IP mode file for ITTIA_DB.I-CUBE-ITTIADB.8.8.0
2024-02-14 11:46:32,210 [WARN] PackLoader:242 - Cannot read IP mode file for emotas.I-CUBE-CANOPEN.1.1.3
2024-02-14 11:46:32,221 [WARN] PackLoader:242 - Cannot read IP mode file for STMicroelectronics.X-CUBE-BLEMGR.2.0.0
2024-02-14 11:46:32,236 [WARN] PackLoader:242 - Cannot read IP mode file for STMicroelectronics.X-CUBE-NFC4.2.0.5
2024-02-14 11:46:32,257 [WARN] ConditionMgr:437 - getConditionDescription Invalid condition id : UX DEVICE CLASS RTOS Condition cause : null
2024-02-14 11:46:32,257 [WARN] ConditionMgr:437 - getConditionDescription Invalid condition id : UX DEVICE CLASS RTOS Condition cause : null
2024-02-14 11:46:32,259 [WARN] PackLoader:242 - Cannot read IP mode file for STMicroelectronics.X-CUBE-AZRTOS-H7.3.1.0
2024-02-14 11:46:32,260 [WARN] ConditionMgr:1038 - genDependencies : Invalid condition id : UX DEVICE CLASS RTOS Condition cause : null
2024-02-14 11:46:32,260 [WARN] ConditionMgr:1038 - genDependencies : Invalid condition id : UX DEVICE CLASS RTOS Condition cause : null
2024-02-14 11:46:32,260 [WARN] ConditionMgr:1038 - genDependencies : Invalid condition id : UX DEVICE CLASS RTOS Condition cause : null
2024-02-14 11:46:32,261 [WARN] ConditionMgr:1038 - genDependencies : Invalid condition id : UX DEVICE CLASS RTOS Condition cause : null
2024-02-14 11:46:32,261 [WARN] ConditionMgr:1038 - genDependencies : Invalid condition id : UX DEVICE CLASS RTOS Condition cause : null
2024-02-14 11:46:32,271 [WARN] PackLoader:242 - Cannot read IP mode file for wolfSSL.I-CUBE-wolfSSL.5.5.3
2024-02-14 11:46:32,280 [WARN] PackLoader:242 - Cannot read IP mode file for STMicroelectronics.X-CUBE-NFC7.1.0.1
2024-02-14 11:46:32,290 [WARN] PackLoader:242 - Cannot read IP mode file for STMicroelectronics.X-CUBE-NFC7.1.0.0
2024-02-14 11:46:32,302 [WARN] PackLoader:242 - Cannot read IP mode file for STMicroelectronics.X-CUBE-NFC6.3.0.0
2024-02-14 11:46:32,316 [WARN] PackLoader:242 - Cannot read IP mode file for STMicroelectronics.X-CUBE-EEPRMA1.4.1.0
2024-02-14 11:46:32,325 [WARN] PackLoader:242 - Cannot read IP mode file for STMicroelectronics.X-CUBE-AI.8.1.0
2024-02-14 11:46:32,347 [WARN] ConditionMgr:437 - getConditionDescription Invalid condition id : LAN8742 Phy interface Condition cause : null
2024-02-14 11:46:32,348 [WARN] PackLoader:242 - Cannot read IP mode file for STMicroelectronics.X-CUBE-AZRTOS-L4.2.0.0
2024-02-14 11:46:32,349 [WARN] ConditionMgr:1038 - genDependencies : Invalid condition id : LAN8742 Phy interface Condition cause : null
2024-02-14 11:46:32,350 [WARN] ConditionMgr:1038 - genDependencies : Invalid condition id : LAN8742 Phy interface Condition cause : null
2024-02-14 11:46:32,350 [WARN] ConditionMgr:1038 - genDependencies : Invalid condition id : LAN8742 Phy interface Condition cause : null
2024-02-14 11:46:32,361 [WARN] PackLoader:242 - Cannot read IP mode file for STMicroelectronics.X-CUBE-SFXS2LP1.4.0.0
2024-02-14 11:46:32,384 [WARN] PackLoader:242 - Cannot read IP mode file for STMicroelectronics.X-CUBE-AZRTOS-H7.3.0.0
2024-02-14 11:46:32,395 [WARN] PackLoader:242 - Cannot read IP mode file for STMicroelectronics.X-CUBE-ISPU.1.1.0
2024-02-14 11:46:32,407 [WARN] PackLoader:242 - Cannot read IP mode file for RoweBots.I-CUBE-UNISONRTOS.5.5.0-4
2024-02-14 11:46:32,417 [WARN] PackLoader:242 - Cannot read IP mode file for STMicroelectronics.X-CUBE-AI.8.0.0
2024-02-14 11:46:32,435 [WARN] ConditionMgr:437 - getConditionDescription Invalid condition id : UX DEVICE CLASS RTOS Condition cause : null
2024-02-14 11:46:32,436 [WARN] ConditionMgr:437 - getConditionDescription Invalid condition id : UX DEVICE CLASS RTOS Condition cause : null
2024-02-14 11:46:32,437 [WARN] PackLoader:242 - Cannot read IP mode file for STMicroelectronics.X-CUBE-AZRTOS-WB.2.0.0
2024-02-14 11:46:32,438 [WARN] ConditionMgr:1038 - genDependencies : Invalid condition id : UX DEVICE CLASS RTOS Condition cause : null
2024-02-14 11:46:32,438 [WARN] ConditionMgr:1038 - genDependencies : Invalid condition id : UX DEVICE CLASS RTOS Condition cause : null
2024-02-14 11:46:32,438 [WARN] ConditionMgr:1038 - genDependencies : Invalid condition id : UX DEVICE CLASS RTOS Condition cause : null
2024-02-14 11:46:32,438 [WARN] ConditionMgr:1038 - genDependencies : Invalid condition id : UX DEVICE CLASS RTOS Condition cause : null
2024-02-14 11:46:32,439 [WARN] ConditionMgr:1038 - genDependencies : Invalid condition id : UX DEVICE CLASS RTOS Condition cause : null
2024-02-14 11:46:32,449 [WARN] PackLoader:242 - Cannot read IP mode file for STMicroelectronics.X-CUBE-FREERTOS.1.0.0
2024-02-14 11:46:32,458 [WARN] PackLoader:242 - Cannot read IP mode file for STMicroelectronics.X-CUBE-FREERTOS.1.0.1
2024-02-14 11:46:32,476 [WARN] PackLoader:242 - Cannot read IP mode file for STMicroelectronics.X-CUBE-AZRTOS-L5.1.1.0
2024-02-14 11:46:32,487 [WARN] PackLoader:242 - Cannot read IP mode file for STMicroelectronics.X-CUBE-AI.8.0.1
2024-02-14 11:46:32,500 [WARN] PackLoader:242 - Cannot read IP mode file for STMicroelectronics.X-CUBE-SUBG2.5.0.0
2024-02-14 11:46:32,518 [WARN] PackLoader:242 - Cannot read IP mode file for STMicroelectronics.X-CUBE-TOF1.3.3.1
2024-02-14 11:46:32,539 [WARN] PackLoader:242 - Cannot read IP mode file for STMicroelectronics.X-CUBE-AZRTOS-G4.2.0.0
2024-02-14 11:46:32,548 [WARN] PackLoader:242 - Cannot read IP mode file for STMicroelectronics.FP-ATR-ASTRA1.1.1.1
2024-02-14 11:46:32,563 [WARN] PackLoader:242 - Cannot read IP mode file for Infineon.AIROC-Wi-Fi-Bluetooth-STM32.1.5.1
2024-02-14 11:46:32,574 [WARN] PackLoader:242 - Cannot read IP mode file for STMicroelectronics.FP-SNS-MOTENVWB1.1.3.1
2024-02-14 11:46:32,592 [WARN] PackLoader:242 - Cannot read IP mode file for STMicroelectronics.X-CUBE-AZRTOS-G4.1.0.0
2024-02-14 11:46:32,616 [WARN] PackLoader:242 - Cannot read IP mode file for STMicroelectronics.X-CUBE-AZRTOS-L4.1.0.0
2024-02-14 11:46:32,627 [WARN] PackLoader:242 - Cannot read IP mode file for STMicroelectronics.X-CUBE-ISPU.2.0.0
2024-02-14 11:46:32,661 [WARN] PackLoader:242 - Cannot read IP mode file for STMicroelectronics.X-CUBE-MEMS1.10.0.0
2024-02-14 11:46:32,767 [WARN] PackLoader:242 - Cannot read IP mode file for STMicroelectronics.X-CUBE-FREERTOS.1.1.0
2024-02-14 11:46:32,791 [WARN] PackLoader:242 - Cannot read IP mode file for STMicroelectronics.X-CUBE-AZRTOS-WL.1.0.0
2024-02-14 11:46:32,807 [WARN] PackLoader:242 - Cannot read IP mode file for portGmbH.I-Cube-SoM-uGOAL.1.1.0
2024-02-14 11:46:32,821 [WARN] PackLoader:242 - Cannot read IP mode file for STMicroelectronics.X-CUBE-ALS.1.0.1
2024-02-14 11:46:32,848 [WARN] PackLoader:242 - Cannot read IP mode file for STMicroelectronics.X-CUBE-AZRTOS-WB.1.1.0
2024-02-14 11:46:32,873 [WARN] PackLoader:242 - Cannot read IP mode file for STMicroelectronics.X-CUBE-AZRTOS-L5.1.0.0
2024-02-14 11:46:32,886 [WARN] PackLoader:242 - Cannot read IP mode file for STMicroelectronics.X-CUBE-EEPRMA1.3.1.1
2024-02-14 11:46:32,907 [WARN] PackLoader:242 - Cannot read IP mode file for STMicroelectronics.X-CUBE-TOF1.3.4.0
2024-02-14 11:46:32,950 [WARN] PackLoader:242 - Cannot read IP mode file for STMicroelectronics.X-CUBE-AZRTOS-H7.3.2.0
2024-02-14 11:46:32,953 [INFO] ThirdParty:947 - Integrity check success = true
2024-02-14 11:46:32,954 [INFO] IntegrityCheckThread:98 - exiting critical section [integrity check]
2024-02-14 11:46:32,954 [INFO] IntegrityCheckThread:101 - End integrity checks thread
2024-02-14 11:46:32,954 [INFO] ThirdParty:847 - entering critical section [close project]
2024-02-14 11:46:32,955 [INFO] ThirdParty:857 - exiting critical section [close project]
2024-02-14 11:46:32,958 [INFO] PinOutPanel:1477 - setPackage(No Configuration,No Configuration)
2024-02-14 11:46:32,966 [INFO] UtilMem:74 - Begin LoadConfig() Used Memory: 584041944 Bytes (902823936)
2024-02-14 11:46:32,968 [INFO] MicroXplorer:451 - Change Database Path : 
2024-02-14 11:46:32,968 [INFO] MicroXplorer:481 - Change Database Version : DB.6.0.70
2024-02-14 11:46:32,968 [INFO] OpenFileManager:307 - Change cursor
2024-02-14 11:46:33,026 [INFO] Mcu:1925 - Initializing MCU STM32F401V(D-E)Tx STM32F401VETx STM32F401VET6
2024-02-14 11:46:34,223 [INFO] Context:654 - Trying to add GPIOservice into a context  which must be forbidden
2024-02-14 11:46:34,764 [INFO] RtosManager:489 - Registered RTOS mode: class=CMSIS, group=RTOS, mode=CMSIS_V1, owner=FREERTOS
2024-02-14 11:46:34,765 [INFO] RtosManager:489 - Registered RTOS mode: class=CMSIS, group=RTOS2, mode=CMSIS_V2, owner=FREERTOS
2024-02-14 11:46:34,765 [INFO] RtosManager:489 - Registered RTOS mode: class=RTOS, group=Core, mode=CMSIS_V1, owner=FREERTOS
2024-02-14 11:46:34,765 [INFO] RtosManager:489 - Registered RTOS mode: class=RTOS, group=Core, mode=CMSIS_V2, owner=FREERTOS
2024-02-14 11:46:34,766 [WARN] ModelIntegratedComponent:185 - Missing modes for component STMicroelectronics:FreeRTOS:0.0.1:STMicroelectronics:RTOS:FreeRTOS:Core:::10.2.0:
2024-02-14 11:46:34,771 [WARN] ModelIntegratedComponent:64 - No mode defined for component null
2024-02-14 11:46:34,771 [WARN] ModelIntegratedComponent:64 - No mode defined for component null
2024-02-14 11:46:34,771 [WARN] ModelIntegratedComponent:64 - No mode defined for component null
2024-02-14 11:46:34,771 [WARN] ModelIntegratedComponent:64 - No mode defined for component null
2024-02-14 11:46:34,771 [WARN] ModelIntegratedComponent:64 - No mode defined for component null
2024-02-14 11:46:34,771 [WARN] ModelIntegratedComponent:64 - No mode defined for component null
2024-02-14 11:46:34,771 [WARN] ModelIntegratedComponent:64 - No mode defined for component null
2024-02-14 11:46:34,771 [WARN] ModelIntegratedComponent:64 - No mode defined for component null
2024-02-14 11:46:34,771 [WARN] ModelIntegratedComponent:64 - No mode defined for component null
2024-02-14 11:46:34,771 [WARN] ModelIntegratedComponent:64 - No mode defined for component null
2024-02-14 11:46:34,771 [WARN] ModelIntegratedComponent:64 - No mode defined for component null
2024-02-14 11:46:34,771 [WARN] ModelIntegratedComponent:64 - No mode defined for component null
2024-02-14 11:46:34,771 [WARN] ModelIntegratedComponent:64 - No mode defined for component null
2024-02-14 11:46:34,771 [WARN] ModelIntegratedComponent:64 - No mode defined for component null
2024-02-14 11:46:34,771 [WARN] ModelIntegratedComponent:64 - No mode defined for component null
2024-02-14 11:46:34,771 [WARN] ModelIntegratedComponent:64 - No mode defined for component null
2024-02-14 11:46:34,771 [WARN] ModelIntegratedComponent:64 - No mode defined for component null
2024-02-14 11:46:34,771 [WARN] ModelIntegratedComponent:64 - No mode defined for component null
2024-02-14 11:46:34,772 [WARN] ModelIntegratedComponent:64 - No mode defined for component null
2024-02-14 11:46:34,772 [WARN] ModelIntegratedComponent:64 - No mode defined for component null
2024-02-14 11:46:34,772 [WARN] ModelIntegratedComponent:64 - No mode defined for component null
2024-02-14 11:46:34,772 [WARN] ModelIntegratedComponent:64 - No mode defined for component null
2024-02-14 11:46:34,772 [WARN] ModelIntegratedComponent:64 - No mode defined for component null
2024-02-14 11:46:34,772 [WARN] ModelIntegratedComponent:64 - No mode defined for component null
2024-02-14 11:46:34,772 [WARN] ModelIntegratedComponent:64 - No mode defined for component null
2024-02-14 11:46:34,772 [WARN] ModelIntegratedComponent:64 - No mode defined for component null
2024-02-14 11:46:34,772 [WARN] ModelIntegratedComponent:64 - No mode defined for component null
2024-02-14 11:46:34,772 [WARN] ModelIntegratedComponent:64 - No mode defined for component null
2024-02-14 11:46:34,772 [WARN] ModelIntegratedComponent:64 - No mode defined for component null
2024-02-14 11:46:34,772 [WARN] ModelIntegratedComponent:64 - No mode defined for component null
2024-02-14 11:46:34,772 [WARN] ModelIntegratedComponent:64 - No mode defined for component null
2024-02-14 11:46:34,772 [WARN] ModelIntegratedComponent:64 - No mode defined for component null
2024-02-14 11:46:34,772 [WARN] ModelIntegratedComponent:64 - No mode defined for component null
2024-02-14 11:46:35,012 [INFO] ThirdPartyModel:294 - Start build external matchings
2024-02-14 11:46:36,174 [INFO] ThirdPartyModel:310 - End build external matchings
2024-02-14 11:46:36,214 [INFO] ImportTextPane:193 - (OptionalMessage_ERROR) IP (RCC) : Parameter (RTCHSEDivFreq_Value) has invalid value (12500000)
2024-02-14 11:46:36,385 [INFO] UtilMem:74 - End LoadConfig() Used Memory: 748804712 Bytes (902823936)
2024-02-14 11:46:36,493 [INFO] ApiDb:580 - Connected to CubeFinder SQLite database (C:\Users\DELL\.stmcufinder\plugins\mcufinder\mcu\cube-finder-db.db)
2024-02-14 11:46:36,584 [INFO] ApiDb:667 - CubeFinder database Data Model version=2.1
2024-02-14 11:46:36,584 [INFO] ApiDb:668 - CubeFinder database Configuration version=3.0.37
2024-02-14 11:46:36,585 [INFO] ApiDb:669 - CubeFinder database generation date=2023-06-26 (1687786131)
2024-02-14 11:46:36,585 [INFO] ApiDb:670 - CubeFinder database FW Pack versions=[FP-ATR-ASTRA1_V2.0.0, FP-SNS-FLIGHT1_V5.0.1, FP-SNS-MOTENV1_V4.3.1, STM32Cube_FW_C0_V1.1.0, STM32Cube_FW_F4_V1.27.1, STM32Cube_FW_F7_V1.17.0, STM32Cube_FW_G0_V1.6.1, STM32Cube_FW_G4_V1.5.1, STM32Cube_FW_H5_V0.5.1, STM32Cube_FW_H5_V1.1.0, STM32Cube_FW_H7_V1.11.0, STM32Cube_FW_L0_V1.12.2, STM32Cube_FW_L5_V1.5.0, STM32Cube_FW_U5_V1.3.0, STM32Cube_FW_U5_V1.3.0RC4, STM32Cube_FW_WBA_V1.0.0RC1, STM32Cube_FW_WBA_V1.1.0, STM32Cube_FW_WBA_V1.1.0RC1, STM32Cube_FW_WB_V1.15.0RC1, STM32Cube_FW_WB_V1.16.0, STM32Cube_FW_WB_V1.16.0RC2, STM32Cube_FW_WB_V1.17.0, STM32Cube_FW_WL_V1.3.0, X-CUBE-ALGOBUILD_V1.3.0, X-CUBE-ALS_V1.0.1, X-CUBE-AZRTOS-F4_V1.1.0, X-CUBE-AZRTOS-F7_V1.1.0, X-CUBE-AZRTOS-G0_V1.1.0, X-CUBE-AZRTOS-G4_V2.0.0, X-CUBE-AZRTOS-H7_V3.1.0, X-CUBE-AZRTOS-L4_V1.0.0, X-CUBE-AZRTOS-L4_V2.0.0, X-CUBE-AZRTOS-L5_V1.1.0, X-CUBE-AZRTOS-WB_V1.1.0, X-CUBE-AZRTOS-WL_V2.0.0, X-CUBE-BLE1_V6.2.4, X-CUBE-BLE2_V3.3.0, X-CUBE-BLEMGR_V2.0.0, X-CUBE-EEPRMA1_V4.1.0, X-CUBE-FREERTOS_V1.0.1, X-CUBE-GNSS1_V6.0.0, X-CUBE-MEMS1_V9.1.0, X-CUBE-MEMS1_V9.4.0, X-CUBE-MEMS1_V9.6.0, X-CUBE-NFC4_V3.0.0, X-CUBE-NFC7_V1.0.0, X-CUBE-SFXS2LP1_V4.0.0, X-CUBE-SUBG2_V5.0.0]
2024-02-14 11:46:38,556 [INFO] ApiDb:239 - Found 143 in-development CPN: [B-WB1M-WPAN1, B-WL5M-SUBG1, NUCLEO-C031C6, STEVAL-PROTEUS1, STEVAL-STWINBX1, STM320518-EVAL, STM32C0116-DK, STM32C011D6Y3TR, STM32C011D6Y6TR, STM32C011F4P3, STM32C011F4P6, STM32C011F4U3, STM32C011F4U6TR, STM32C011F6P3, STM32C011F6P6, STM32C011F6U3, STM32C011F6U6TR, STM32C011J4M3, STM32C011J4M6, STM32C011J6M3, STM32C011J6M6, STM32C0316-DK, STM32C031C4T3, STM32C031C4T6, STM32C031C4U3, STM32C031C4U6, STM32C031C6T3, STM32C031C6T6, STM32C031C6U3, STM32C031C6U6, STM32C031F4P3, STM32C031F4P6, STM32C031F6P3, STM32C031F6P6, STM32C031G4U3, STM32C031G4U6, STM32C031G6U3, STM32C031G6U6, STM32C031K4T3, STM32C031K4T6, STM32C031K4U3, STM32C031K4U6, STM32C031K6T3, STM32C031K6T6, STM32C031K6U3, STM32C031K6U6, STM32G071K8TXN, STM32G071K8UXN, STM32G081GBU6N, STM32G081KBT6N, STM32G081KBUXN, STM32G0B1CCT6N, STM32G0B1KCT6, STM32G0B1NEY6TR, STM32G0B1RCT6N, STM32G0C1CCT6, STM32G0C1CCT6N, STM32G0C1CCU6N, STM32G0C1CET6N, STM32G0C1CEU6N, STM32G0C1KCT6, STM32G0C1NEY6TR, STM32G0C1RCI6N, STM32G0C1RCT6N, STM32G0C1REI6N, STM32G0C1RET6N, STM32G0C1VCI6, STM32G0C1VEI6, STM32G471CCT6, STM32G471CCU6, STM32G471CET3, STM32G471CET6, STM32G471CEU3, STM32G471CEU6, STM32G471MCT6, STM32G471MET3, STM32G471MET6, STM32G471MEY6TR, STM32G471QCT6, STM32G471QET3, STM32G471RCT6, STM32G471RET3, STM32G471RET6, STM32G471VCH6, STM32G471VCI6, STM32G471VCT6, STM32G471VEH3, STM32G471VEH6, STM32G471VEI3, STM32G471VEI6, STM32G471VET3, STM32G471VET6, STM32G474CCT6, STM32L476VGY6PTR, STM32L4R5QGI6STR, STM32MP131AAE3, STM32MP131AAF3, STM32MP131AAG3, STM32MP131CAE3, STM32MP131CAF3, STM32MP131CAG3, STM32MP131DAE7, STM32MP131DAF7, STM32MP131DAG7, STM32MP131FAE7, STM32MP131FAF7, STM32MP131FAG7, STM32MP133AAE3, STM32MP133AAF3, STM32MP133AAG3, STM32MP133CAE3, STM32MP133CAF3, STM32MP133CAG3, STM32MP133DAE7, STM32MP133DAF7, STM32MP133DAG7, STM32MP133FAE7, STM32MP133FAF7, STM32MP133FAG7, STM32MP135AAE3, STM32MP135AAF3, STM32MP135AAG3, STM32MP135CAE3, STM32MP135CAF3, STM32MP135CAG3, STM32MP135DAE7, STM32MP135DAF7, STM32MP135DAG7, STM32MP135F-DK, STM32MP135FAE7, STM32MP135FAF7, STM32MP135FAF7T, STM32MP135FAF7U, STM32MP135FAG7, STM32U595ZJT6Q, STM32U599BJY6QTR, STM32U599NIH6Q, STM32U599NJH6Q, STM32U5A5ZJT6Q, STM32U5A9BJY6QTR, STM32U5A9NJH6Q, STM32WB1MMCH6, STM32WL5MOCH6TR]
2024-02-14 11:46:38,559 [INFO] DbMcus:215 - Found 3803 MCUs, 3803 are supported
2024-02-14 11:46:38,560 [INFO] ApiDb:422 - Load user favorites file C:\Users\DELL/.stm32cubeide/favorites.mcus.txt: 0 item(s)
2024-02-14 11:46:38,561 [INFO] ApiDb:426 - User favorites MCUs=[]
2024-02-14 11:46:38,561 [INFO] DbMcus:221 - Set 0 / 0 favorites MCUs
2024-02-14 11:46:38,876 [WARN] ThirdParty:807 - waiting for thirdparty lock release [change project]
2024-02-14 11:46:38,876 [INFO] ThirdParty:809 - entering critical section [change project]
2024-02-14 11:46:38,876 [INFO] ThirdParty:999 - CMSIS Pack Vendor :STMicroelectronics X-CUBE-GNSS1 6.0.0
2024-02-14 11:46:38,876 [INFO] ThirdParty:999 - CMSIS Pack Vendor :STMicroelectronics USB_HOST 2.0.0
2024-02-14 11:46:38,876 [INFO] ThirdParty:999 - CMSIS Pack Vendor :STMicroelectronics X-CUBE-AZRTOS-F4 1.1.0
2024-02-14 11:46:38,876 [INFO] ThirdParty:999 - CMSIS Pack Vendor :STMicroelectronics LIBJPEG 8.0.0
2024-02-14 11:46:38,876 [INFO] ThirdParty:999 - CMSIS Pack Vendor :STMicroelectronics X-CUBE-SMBUS 2.1.0
2024-02-14 11:46:38,876 [INFO] ThirdParty:999 - CMSIS Pack Vendor :STMicroelectronics X-CUBE-TOUCHGFX 4.23.0
2024-02-14 11:46:38,876 [INFO] ThirdParty:999 - CMSIS Pack Vendor :STMicroelectronics X-CUBE-BLEMGR 1.2.0
2024-02-14 11:46:38,876 [INFO] ThirdParty:999 - CMSIS Pack Vendor :STMicroelectronics X-CUBE-AZRTOS-F7 1.1.0
2024-02-14 11:46:38,876 [INFO] ThirdParty:999 - CMSIS Pack Vendor :STMicroelectronics X-CUBE-AZRTOS-L5 2.0.0
2024-02-14 11:46:38,876 [INFO] ThirdParty:999 - CMSIS Pack Vendor :STMicroelectronics USB_DEVICE 2.0.0
2024-02-14 11:46:38,876 [INFO] ThirdParty:999 - CMSIS Pack Vendor :STMicroelectronics X-CUBE-MEMS1 9.6.0
2024-02-14 11:46:38,876 [INFO] ThirdParty:999 - CMSIS Pack Vendor :ITTIA_DB I-CUBE-ITTIADB 8.8.0
2024-02-14 11:46:38,876 [INFO] ThirdParty:999 - CMSIS Pack Vendor :STMicroelectronics FP-SNS-MOTENV1 4.3.2
2024-02-14 11:46:38,876 [INFO] ThirdParty:999 - CMSIS Pack Vendor :STMicroelectronics FP-SNS-MOTENV1 4.3.1
2024-02-14 11:46:38,876 [INFO] ThirdParty:999 - CMSIS Pack Vendor :STMicroelectronics FP-SNS-FLIGHT1 5.0.1
2024-02-14 11:46:38,876 [INFO] ThirdParty:999 - CMSIS Pack Vendor :STMicroelectronics X-CUBE-BLE1 6.2.4
2024-02-14 11:46:38,876 [INFO] ThirdParty:999 - CMSIS Pack Vendor :STMicroelectronics FreeRTOS 0.0.1
2024-02-14 11:46:38,876 [INFO] ThirdParty:999 - CMSIS Pack Vendor :emotas I-CUBE-CANOPEN 1.1.3
2024-02-14 11:46:38,876 [INFO] ThirdParty:999 - CMSIS Pack Vendor :STMicroelectronics X-CUBE-BLEMGR 2.0.0
2024-02-14 11:46:38,876 [INFO] ThirdParty:999 - CMSIS Pack Vendor :STMicroelectronics FP-SNS-FLIGHT1 5.0.2
2024-02-14 11:46:38,876 [INFO] ThirdParty:999 - CMSIS Pack Vendor :STMicroelectronics X-CUBE-NFC4 2.0.5
2024-02-14 11:46:38,876 [INFO] ThirdParty:999 - CMSIS Pack Vendor :STMicroelectronics X-CUBE-AZRTOS-H7 3.1.0
2024-02-14 11:46:38,876 [INFO] ThirdParty:999 - CMSIS Pack Vendor :STMicroelectronics PDM2PCM 3.3.0
2024-02-14 11:46:38,876 [INFO] ThirdParty:999 - CMSIS Pack Vendor :STMicroelectronics X-CUBE-DISPLAY 3.0.0
2024-02-14 11:46:38,877 [INFO] ThirdParty:999 - CMSIS Pack Vendor :wolfSSL I-CUBE-wolfSSL 5.5.3
2024-02-14 11:46:38,877 [INFO] ThirdParty:999 - CMSIS Pack Vendor :STMicroelectronics X-CUBE-BLE1 7.0.0
2024-02-14 11:46:38,877 [INFO] ThirdParty:999 - CMSIS Pack Vendor :STMicroelectronics HAL Drivers 0.0.0
2024-02-14 11:46:38,877 [INFO] ThirdParty:999 - CMSIS Pack Vendor :STMicroelectronics X-CUBE-TOUCHGFX 4.22.0
2024-02-14 11:46:38,877 [INFO] ThirdParty:999 - CMSIS Pack Vendor :STMicroelectronics X-CUBE-NFC7 1.0.1
2024-02-14 11:46:38,877 [INFO] ThirdParty:999 - CMSIS Pack Vendor :STMicroelectronics MBEDTLS 2.14.1
2024-02-14 11:46:38,877 [INFO] ThirdParty:999 - CMSIS Pack Vendor :STMicroelectronics X-CUBE-NFC7 1.0.0
2024-02-14 11:46:38,877 [INFO] ThirdParty:999 - CMSIS Pack Vendor :STMicroelectronics X-CUBE-NFC6 3.0.0
2024-02-14 11:46:38,877 [INFO] ThirdParty:999 - CMSIS Pack Vendor :STMicroelectronics X-CUBE-MEMS1 9.3.0
2024-02-14 11:46:38,877 [INFO] ThirdParty:999 - CMSIS Pack Vendor :STMicroelectronics X-CUBE-EEPRMA1 4.1.0
2024-02-14 11:46:38,877 [INFO] ThirdParty:999 - CMSIS Pack Vendor :STMicroelectronics FP-SNS-SMARTAG2 1.2.0
2024-02-14 11:46:38,877 [INFO] ThirdParty:999 - CMSIS Pack Vendor :STMicroelectronics X-CUBE-AZRTOS-WL 2.0.0
2024-02-14 11:46:38,877 [INFO] ThirdParty:999 - CMSIS Pack Vendor :STMicroelectronics USB_DEVICE 1.0.0
2024-02-14 11:46:38,877 [INFO] ThirdParty:999 - CMSIS Pack Vendor :STMicroelectronics X-CUBE-AI 8.1.0
2024-02-14 11:46:38,877 [INFO] ThirdParty:999 - CMSIS Pack Vendor :STMicroelectronics X-CUBE-AZRTOS-L4 2.0.0
2024-02-14 11:46:38,877 [INFO] ThirdParty:999 - CMSIS Pack Vendor :STMicroelectronics ThreadX 0.0.2
2024-02-14 11:46:38,877 [INFO] ThirdParty:999 - CMSIS Pack Vendor :WES I-CUBE-Cesium 1.3.0
2024-02-14 11:46:38,877 [INFO] ThirdParty:999 - CMSIS Pack Vendor :STMicroelectronics lwIP 2.1.2
2024-02-14 11:46:38,877 [INFO] ThirdParty:999 - CMSIS Pack Vendor :STMicroelectronics X-CUBE-SFXS2LP1 4.0.0
2024-02-14 11:46:38,877 [INFO] ThirdParty:999 - CMSIS Pack Vendor :STMicroelectronics X-CUBE-BLE2 3.3.0
2024-02-14 11:46:38,877 [INFO] ThirdParty:999 - CMSIS Pack Vendor :STMicroelectronics X-CUBE-DISPLAY 2.2.0
2024-02-14 11:46:38,877 [INFO] ThirdParty:999 - CMSIS Pack Vendor :STMicroelectronics X-CUBE-TOF1 3.2.0
2024-02-14 11:46:38,877 [INFO] ThirdParty:999 - CMSIS Pack Vendor :STMicroelectronics PDM2PCM 3.2.0
2024-02-14 11:46:38,877 [INFO] ThirdParty:999 - CMSIS Pack Vendor :STMicroelectronics X-CUBE-AZRTOS-H7 3.0.0
2024-02-14 11:46:38,877 [INFO] ThirdParty:999 - CMSIS Pack Vendor :STMicroelectronics X-CUBE-ISPU 1.1.0
2024-02-14 11:46:38,877 [INFO] ThirdParty:999 - CMSIS Pack Vendor :RoweBots I-CUBE-UNISONRTOS 5.5.0-4
2024-02-14 11:46:38,877 [INFO] ThirdParty:999 - CMSIS Pack Vendor :STMicroelectronics X-CUBE-AZRTOS-H7 2.1.0
2024-02-14 11:46:38,877 [INFO] ThirdParty:999 - CMSIS Pack Vendor :STMicroelectronics USB_DEVICE 3.0.0
2024-02-14 11:46:38,877 [INFO] ThirdParty:999 - CMSIS Pack Vendor :STMicroelectronics X-CUBE-AI 8.0.0
2024-02-14 11:46:38,877 [INFO] ThirdParty:999 - CMSIS Pack Vendor :STMicroelectronics X-CUBE-AZRTOS-WB 2.0.0
2024-02-14 11:46:38,877 [INFO] ThirdParty:999 - CMSIS Pack Vendor :STMicroelectronics X-CUBE-FREERTOS 1.0.0
2024-02-14 11:46:38,877 [INFO] ThirdParty:999 - CMSIS Pack Vendor :STMicroelectronics X-CUBE-FREERTOS 1.0.1
2024-02-14 11:46:38,877 [INFO] ThirdParty:999 - CMSIS Pack Vendor :STMicroelectronics X-CUBE-TOUCHGFX 4.21.1
2024-02-14 11:46:38,877 [INFO] ThirdParty:999 - CMSIS Pack Vendor :STMicroelectronics X-CUBE-TOUCHGFX 4.21.0
2024-02-14 11:46:38,877 [INFO] ThirdParty:999 - CMSIS Pack Vendor :STMicroelectronics X-CUBE-MEMS1 9.4.0
2024-02-14 11:46:38,877 [INFO] ThirdParty:999 - CMSIS Pack Vendor :STMicroelectronics X-CUBE-AI 7.3.0
2024-02-14 11:46:38,877 [INFO] ThirdParty:999 - CMSIS Pack Vendor :STMicroelectronics X-CUBE-ALGOBUILD 1.3.0
2024-02-14 11:46:38,877 [INFO] ThirdParty:999 - CMSIS Pack Vendor :STMicroelectronics X-CUBE-AZRTOS-L5 1.1.0
2024-02-14 11:46:38,877 [INFO] ThirdParty:999 - CMSIS Pack Vendor :STMicroelectronics X-CUBE-AZRTOS-G0 1.1.0
2024-02-14 11:46:38,877 [INFO] ThirdParty:999 - CMSIS Pack Vendor :STMicroelectronics X-CUBE-AI 8.0.1
2024-02-14 11:46:38,877 [INFO] ThirdParty:999 - CMSIS Pack Vendor :STMicroelectronics X-CUBE-NFC4 3.0.0
2024-02-14 11:46:38,877 [INFO] ThirdParty:999 - CMSIS Pack Vendor :STMicroelectronics X-CUBE-SUBG2 5.0.0
2024-02-14 11:46:38,878 [INFO] ThirdParty:999 - CMSIS Pack Vendor :STMicroelectronics STM32_WPAN 1.0.0
2024-02-14 11:46:38,878 [INFO] ThirdParty:999 - CMSIS Pack Vendor :SEGGER I-CUBE-embOS 1.2.1
2024-02-14 11:46:38,878 [INFO] ThirdParty:999 - CMSIS Pack Vendor :STMicroelectronics lwIP 2.0.3
2024-02-14 11:46:38,878 [INFO] ThirdParty:999 - CMSIS Pack Vendor :STMicroelectronics USB_HOST 1.0.0
2024-02-14 11:46:38,878 [INFO] ThirdParty:999 - CMSIS Pack Vendor :STMicroelectronics X-CUBE-TOF1 3.3.1
2024-02-14 11:46:38,878 [INFO] ThirdParty:999 - CMSIS Pack Vendor :STMicroelectronics X-CUBE-AZRTOS-G4 2.0.0
2024-02-14 11:46:38,878 [INFO] ThirdParty:999 - CMSIS Pack Vendor :STMicroelectronics PDM2PCM 3.1.0
2024-02-14 11:46:38,878 [INFO] ThirdParty:999 - CMSIS Pack Vendor :STMicroelectronics FP-ATR-ASTRA1 1.1.1
2024-02-14 11:46:38,878 [INFO] ThirdParty:999 - CMSIS Pack Vendor :Infineon AIROC-Wi-Fi-Bluetooth-STM32 1.5.1
2024-02-14 11:46:38,878 [INFO] ThirdParty:999 - CMSIS Pack Vendor :STMicroelectronics X-CUBE-BLEMGR 3.0.0
2024-02-14 11:46:38,878 [INFO] ThirdParty:999 - CMSIS Pack Vendor :STMicroelectronics X-CUBE-BLEMGR 1.3.0
2024-02-14 11:46:38,878 [INFO] ThirdParty:999 - CMSIS Pack Vendor :STMicroelectronics FP-SNS-MOTENVWB1 1.3.1
2024-02-14 11:46:38,879 [INFO] ThirdParty:999 - CMSIS Pack Vendor :STMicroelectronics FP-ATR-SIGFOX1 3.2.0
2024-02-14 11:46:38,879 [INFO] ThirdParty:999 - CMSIS Pack Vendor :STMicroelectronics X-CUBE-AZRTOS-G4 1.0.0
2024-02-14 11:46:38,879 [INFO] ThirdParty:999 - CMSIS Pack Vendor :STMicroelectronics X-CUBE-AZRTOS-L4 1.0.0
2024-02-14 11:46:38,879 [INFO] ThirdParty:999 - CMSIS Pack Vendor :STMicroelectronics X-CUBE-ISPU 2.0.0
2024-02-14 11:46:38,879 [INFO] ThirdParty:999 - CMSIS Pack Vendor :STMicroelectronics X-CUBE-EEPRMA1 5.1.0
2024-02-14 11:46:38,879 [INFO] ThirdParty:999 - CMSIS Pack Vendor :STMicroelectronics MBEDTLS 2.16.2
2024-02-14 11:46:38,879 [INFO] ThirdParty:999 - CMSIS Pack Vendor :STMicroelectronics X-CUBE-TOUCHGFX 4.20.0
2024-02-14 11:46:38,879 [INFO] ThirdParty:999 - CMSIS Pack Vendor :STMicroelectronics X-CUBE-MEMS1 10.0.0
2024-02-14 11:46:38,879 [INFO] ThirdParty:999 - CMSIS Pack Vendor :STMicroelectronics X-CUBE-FREERTOS 1.1.0
2024-02-14 11:46:38,879 [INFO] ThirdParty:999 - CMSIS Pack Vendor :STMicroelectronics X-CUBE-AZRTOS-WL 1.0.0
2024-02-14 11:46:38,879 [INFO] ThirdParty:999 - CMSIS Pack Vendor :portGmbH I-Cube-SoM-uGOAL 1.1.0
2024-02-14 11:46:38,879 [INFO] ThirdParty:999 - CMSIS Pack Vendor :STMicroelectronics X-CUBE-ALS 1.0.1
2024-02-14 11:46:38,879 [INFO] ThirdParty:999 - CMSIS Pack Vendor :STMicroelectronics X-CUBE-MEMS1 9.5.0
2024-02-14 11:46:38,879 [INFO] ThirdParty:999 - CMSIS Pack Vendor :STMicroelectronics ThreadX 1.0.0
2024-02-14 11:46:38,879 [INFO] ThirdParty:999 - CMSIS Pack Vendor :STMicroelectronics X-CUBE-AZRTOS-WB 1.1.0
2024-02-14 11:46:38,879 [INFO] ThirdParty:999 - CMSIS Pack Vendor :SEGGER I-CUBE-embOS 1.3.1
2024-02-14 11:46:38,879 [INFO] ThirdParty:999 - CMSIS Pack Vendor :STMicroelectronics X-CUBE-AZRTOS-L5 1.0.0
2024-02-14 11:46:38,879 [INFO] ThirdParty:999 - CMSIS Pack Vendor :STMicroelectronics X-CUBE-EEPRMA1 3.1.1
2024-02-14 11:46:38,879 [INFO] ThirdParty:999 - CMSIS Pack Vendor :STMicroelectronics X-CUBE-TOF1 3.4.0
2024-02-14 11:46:38,879 [INFO] ThirdParty:999 - CMSIS Pack Vendor :STMicroelectronics X-CUBE-AZRTOS-H7 3.2.0
2024-02-14 11:46:38,879 [INFO] ThirdParty:815 - exiting critical section [change project]
2024-02-14 11:46:39,147 [INFO] PinOutPanel:1477 - setPackage(No Configuration,No Configuration)
2024-02-14 11:46:39,148 [INFO] PinOutPanel:1477 - setPackage(STM32F401VETx,LQFP100)
2024-02-14 11:46:39,630 [INFO] UtilMem:74 - Before build in PCC Used Memory: 579505152 Bytes (902823936)
2024-02-14 11:46:40,422 [INFO] UtilMem:74 - After build in PCC Used Memory: 549837976 Bytes (902823936)
2024-02-14 11:46:40,445 [INFO] IPUIPlugin:79 - create IPUIPlugin
2024-02-14 11:46:40,446 [INFO] IPUIPlugin:79 - create IPUIPlugin
2024-02-14 11:46:40,446 [INFO] IPUIPlugin:79 - create IPUIPlugin
2024-02-14 11:46:40,446 [INFO] IPUIPlugin:79 - create IPUIPlugin
2024-02-14 11:46:40,446 [INFO] IPUIPlugin:79 - create IPUIPlugin
2024-02-14 11:46:40,446 [INFO] IPUIPlugin:79 - create IPUIPlugin
2024-02-14 11:46:40,446 [INFO] IPUIPlugin:79 - create IPUIPlugin
2024-02-14 11:46:40,447 [INFO] IPUIPlugin:79 - create IPUIPlugin
2024-02-14 11:46:40,447 [INFO] IPUIPlugin:79 - create IPUIPlugin
2024-02-14 11:46:40,447 [INFO] IPUIPlugin:79 - create IPUIPlugin
2024-02-14 11:46:40,447 [INFO] IPUIPlugin:79 - create IPUIPlugin
2024-02-14 11:46:40,447 [INFO] IPUIPlugin:79 - create IPUIPlugin
2024-02-14 11:46:40,447 [INFO] IPUIPlugin:79 - create IPUIPlugin
2024-02-14 11:46:40,448 [INFO] IPUIPlugin:79 - create IPUIPlugin
2024-02-14 11:46:40,448 [INFO] IPUIPlugin:79 - create IPUIPlugin
2024-02-14 11:46:40,448 [INFO] IPUIPlugin:79 - create IPUIPlugin
2024-02-14 11:46:40,448 [INFO] IPUIPlugin:79 - create IPUIPlugin
2024-02-14 11:46:40,448 [INFO] IPUIPlugin:79 - create IPUIPlugin
2024-02-14 11:46:40,449 [INFO] IPUIPlugin:79 - create IPUIPlugin
2024-02-14 11:46:40,449 [INFO] IPUIPlugin:79 - create IPUIPlugin
2024-02-14 11:46:40,449 [INFO] IPUIPlugin:79 - create IPUIPlugin
2024-02-14 11:46:40,449 [INFO] IPUIPlugin:79 - create IPUIPlugin
2024-02-14 11:46:40,450 [INFO] IPUIPlugin:79 - create IPUIPlugin
2024-02-14 11:46:40,450 [INFO] IPUIPlugin:79 - create IPUIPlugin
2024-02-14 11:46:40,450 [INFO] IPUIPlugin:79 - create IPUIPlugin
2024-02-14 11:46:40,450 [INFO] IPUIPlugin:79 - create IPUIPlugin
2024-02-14 11:46:40,451 [INFO] IPUIPlugin:79 - create IPUIPlugin
2024-02-14 11:46:40,451 [INFO] IPUIPlugin:79 - create IPUIPlugin
2024-02-14 11:46:40,451 [INFO] IPUIPlugin:79 - create IPUIPlugin
2024-02-14 11:46:40,451 [INFO] IPUIPlugin:79 - create IPUIPlugin
2024-02-14 11:46:40,452 [INFO] IPUIPlugin:79 - create IPUIPlugin
2024-02-14 11:46:40,452 [INFO] IPUIPlugin:79 - create IPUIPlugin
2024-02-14 11:46:40,452 [INFO] IPUIPlugin:79 - create IPUIPlugin
2024-02-14 11:46:40,452 [INFO] IPUIPlugin:79 - create IPUIPlugin
2024-02-14 11:46:40,453 [INFO] IPUIPlugin:79 - create IPUIPlugin
2024-02-14 11:46:40,453 [INFO] IPUIPlugin:79 - create IPUIPlugin
2024-02-14 11:46:40,454 [INFO] IPUIPlugin:79 - create IPUIPlugin
2024-02-14 11:46:40,454 [INFO] IPUIPlugin:79 - create IPUIPlugin
2024-02-14 11:46:40,454 [INFO] IPUIPlugin:79 - create IPUIPlugin
2024-02-14 11:46:40,506 [INFO] ApiDbMcu:505 - Load IP Config File for PDM2PCM
2024-02-14 11:46:40,642 [INFO] CADModel:164 - CPN selected for project levelSTM32F401VET6
2024-02-14 11:46:40,642 [INFO] CADModel:113 - Register for checkConnection events
2024-02-14 11:46:40,681 [INFO] OpenFileManager:327 - Restore cursor
2024-02-14 12:08:48,398 [INFO] Gpio:272 - dependency for GPIO [RCC]
2024-02-14 12:10:25,943 [INFO] Pin:2096 - value.trim() ;
2024-02-14 12:10:25,943 [INFO] Pin:2097 - Pin value PD13
2024-02-14 12:10:33,706 [INFO] UtilMem:74 - End SaveConfig() Used Memory: 705660400 Bytes (902823936)
2024-02-14 12:10:43,780 [INFO] UtilMem:74 - End SaveConfig() Used Memory: 737473144 Bytes (902823936)
2024-02-14 12:10:45,323 [INFO] ServerAccessManage:474 - Download File stm32cube_fw_f4_v1270.zip
2024-02-14 12:13:16,507 [INFO] AnalyticsPlugin:363 - Accepted License(s): [FW.F4.1.27.0]
2024-02-14 12:13:16,514 [INFO] FileExtend:239 - Unzip File : stm32cube_fw_f4_v1270.zip
2024-02-14 12:13:16,514 [INFO] FileExtend:254 - Standard Zip Deflate
2024-02-14 12:15:18,936 [INFO] ServerAccessManage:474 - Download File stm32cube_fw_f4_v1271.zip
2024-02-14 12:15:46,621 [INFO] FileExtend:239 - Unzip File : stm32cube_fw_f4_v1271.zip
2024-02-14 12:15:46,622 [INFO] FileExtend:254 - Standard Zip Deflate
2024-02-14 12:15:48,516 [INFO] LoadServerPackagesThread:190 - End of LoadServerPackages Thread
2024-02-14 12:15:48,789 [INFO] ThirdPartyModel:294 - Start build external matchings
2024-02-14 12:15:48,797 [INFO] UtilMem:74 - End SaveConfig() Used Memory: 841837728 Bytes (1073741824)
2024-02-14 12:15:49,895 [INFO] BlockDiagram:2759 - set Specific Code input for plugin: NVIC
2024-02-14 12:15:49,895 [INFO] BlockDiagram:2759 - set Specific Code input for plugin: GPIO
2024-02-14 12:15:49,895 [INFO] BlockDiagram:2759 - set Specific Code input for plugin: RCC
2024-02-14 12:15:49,898 [INFO] CodeGenerator:692 - code generatio: config db path: D:\phan_mem\STM32\STM32CubeIDE_1.11.0\STM32CubeIDE\plugins\com.st.stm32cube.common.mx_6.7.0.202211181646\\db\
2024-02-14 12:15:50,654 [INFO] CodeEngine:247 - oldGeneratedFile, D:\cd\STM32\Project\STM32_BasicProjects\Led_HAL\MXTmpFiles\license.tmp_save
2024-02-14 12:15:51,362 [INFO] CodeEngine:271 - Generated code: D:\cd\STM32\Project\STM32_BasicProjects\Led_HAL\MXTmpFiles\license.tmp
2024-02-14 12:15:51,480 [INFO] CodeEngine:247 - oldGeneratedFile, D:\cd\STM32\Project\STM32_BasicProjects\Led_HAL\MXTmpFiles\gpio.tmp_save
2024-02-14 12:15:51,891 [INFO] CodeEngine:271 - Generated code: D:\cd\STM32\Project\STM32_BasicProjects\Led_HAL\MXTmpFiles\gpio.tmp
2024-02-14 12:15:51,947 [INFO] CodeEngine:247 - oldGeneratedFile, D:\cd\STM32\Project\STM32_BasicProjects\Led_HAL\Core\Src\stm32f4xx_it.c_save
2024-02-14 12:15:52,583 [INFO] CodeEngine:271 - Generated code: D:\cd\STM32\Project\STM32_BasicProjects\Led_HAL\Core\Src\stm32f4xx_it.c
2024-02-14 12:15:52,644 [INFO] CodeEngine:247 - oldGeneratedFile, D:\cd\STM32\Project\STM32_BasicProjects\Led_HAL\Core\Inc\stm32f4xx_it.h_save
2024-02-14 12:15:52,820 [INFO] CodeEngine:271 - Generated code: D:\cd\STM32\Project\STM32_BasicProjects\Led_HAL\Core\Inc\stm32f4xx_it.h
2024-02-14 12:15:52,867 [INFO] ThirdPartyModel:310 - End build external matchings
2024-02-14 12:15:53,030 [INFO] CheckServerUpdateThread:119 - End of CheckServer Thread
2024-02-14 12:15:53,048 [INFO] CodeEngine:247 - oldGeneratedFile, D:\cd\STM32\Project\STM32_BasicProjects\Led_HAL\Core\Src\stm32f4xx_hal_msp.c_save
2024-02-14 12:15:53,245 [INFO] CodeEngine:271 - Generated code: D:\cd\STM32\Project\STM32_BasicProjects\Led_HAL\Core\Src\stm32f4xx_hal_msp.c
2024-02-14 12:15:53,261 [INFO] CodeEngine:247 - oldGeneratedFile, D:\cd\STM32\Project\STM32_BasicProjects\Led_HAL\MXTmpFiles\system.tmp_save
2024-02-14 12:15:53,374 [INFO] CodeEngine:271 - Generated code: D:\cd\STM32\Project\STM32_BasicProjects\Led_HAL\MXTmpFiles\system.tmp
2024-02-14 12:15:53,422 [INFO] CodeEngine:303 - oldGeneratedFile, D:\cd\STM32\Project\STM32_BasicProjects\Led_HAL\Core\Inc\stm32f4xx_hal_conf.h_save
2024-02-14 12:15:53,591 [INFO] CodeEngine:327 - Generated code: D:\cd\STM32\Project\STM32_BasicProjects\Led_HAL\Core\Inc\stm32f4xx_hal_conf.h
2024-02-14 12:15:53,818 [INFO] CodeEngine:247 - oldGeneratedFile, D:\cd\STM32\Project\STM32_BasicProjects\Led_HAL\Core\Inc\main.h_save
2024-02-14 12:15:54,518 [INFO] CodeEngine:271 - Generated code: D:\cd\STM32\Project\STM32_BasicProjects\Led_HAL\Core\Inc\main.h
2024-02-14 12:15:54,566 [INFO] CodeEngine:247 - oldGeneratedFile, D:\cd\STM32\Project\STM32_BasicProjects\Led_HAL\Core\Src\main.c_save
2024-02-14 12:15:54,911 [INFO] CodeEngine:271 - Generated code: D:\cd\STM32\Project\STM32_BasicProjects\Led_HAL\Core\Src\main.c
2024-02-14 12:15:56,293 [INFO] ProjectBuilder:2919 - Time for Copy HAL[1] : 428mS.
2024-02-14 12:15:56,314 [INFO] ProjectBuilder:4183 - Project Generator version: 3.18.0-B7
2024-02-14 12:15:56,949 [INFO] ConfigFileManager:1396 - The Die is : DIE433
2024-02-14 12:15:56,974 [INFO] ApiDbMcu:505 - Load IP Config File for FATFS
2024-02-14 12:15:56,998 [INFO] ApiDbMcu:505 - Load IP Config File for FREERTOS
2024-02-14 12:15:57,017 [INFO] ApiDbMcu:505 - Load IP Config File for LIBJPEG
2024-02-14 12:15:57,043 [INFO] ApiDbMcu:505 - Load IP Config File for MBEDTLS
2024-02-14 12:15:57,076 [INFO] ApiDbMcu:505 - Load IP Config File for USB_DEVICE
2024-02-14 12:15:57,105 [INFO] ApiDbMcu:505 - Load IP Config File for USB_HOST
2024-02-14 12:16:02,098 [INFO] ProjectBuilder:4351 - Time for Generating toolchain IDE Files: 5784mS.
2024-02-14 12:16:02,099 [INFO] ProjectBuilder:2790 - Time for Copy CMSIS : 1mS.
2024-02-14 12:16:02,101 [INFO] ProjectBuilder:2790 - Time for Copy CMSIS : 0mS.
